<?xml version="1.0" encoding="UTF-8"?>
<!-- Generated by org.testng.reporters.JUnitXMLReporter -->
<testsuite ignored="0" hostname="DESKTOP-EUH2O3V" failures="0" tests="2" name="Default test" time="2.593" errors="0" timestamp="2023-12-19T18:19:12 IST">
  <testcase classname="practiceprojectrestassuredscripts.RegisterUser" name="BaseURL" time="1.967"/>
  <testcase classname="practiceprojectrestassuredscripts.RegisterUser" name="registerUser" time="0.588"/>
</testsuite> <!-- Default test -->
