<?xml version="1.0" encoding="UTF-8"?>
<testng-results ignored="0" total="2" passed="2" failed="0" skipped="0">
  <reporter-output>
  </reporter-output>
  <suite started-at="2023-12-19T18:19:10 IST" name="Default suite" finished-at="2023-12-19T18:19:12 IST" duration-ms="2593">
    <groups>
    </groups>
    <test started-at="2023-12-19T18:19:10 IST" name="Default test" finished-at="2023-12-19T18:19:12 IST" duration-ms="2593">
      <class name="practiceprojectrestassuredscripts.RegisterUser">
        <test-method signature="BaseURL()[pri:49, instance:practiceprojectrestassuredscripts.RegisterUser@342c38f8]" started-at="2023-12-19T18:19:10 IST" name="BaseURL" finished-at="2023-12-19T18:19:12 IST" duration-ms="1967" status="PASS">
          <reporter-output>
          </reporter-output>
        </test-method> <!-- BaseURL -->
        <test-method signature="registerUser()[pri:50, instance:practiceprojectrestassuredscripts.RegisterUser@342c38f8]" started-at="2023-12-19T18:19:12 IST" name="registerUser" finished-at="2023-12-19T18:19:12 IST" duration-ms="588" status="PASS">
          <reporter-output>
          </reporter-output>
        </test-method> <!-- registerUser -->
      </class> <!-- practiceprojectrestassuredscripts.RegisterUser -->
    </test> <!-- Default test -->
  </suite> <!-- Default suite -->
</testng-results>
